This file contains any messages produced by compilers while
running configure, to aid debugging if configure makes a mistake.

It was created by configure, which was
generated by GNU Autoconf 2.69.  Invocation command line was

  $ ./configure 

## --------- ##
## Platform. ##
## --------- ##

hostname = pablo-H81MHV3
uname -m = x86_64
uname -r = 3.16.0-53-generic
uname -s = Linux
uname -v = #72~14.04.1-Ubuntu SMP Fri Nov 6 18:17:23 UTC 2015

/usr/bin/uname -p = unknown
/bin/uname -X     = unknown

/bin/arch              = unknown
/usr/bin/arch -k       = unknown
/usr/convex/getsysinfo = unknown
/usr/bin/hostinfo      = unknown
/bin/machine           = unknown
/usr/bin/oslevel       = unknown
/bin/universe          = unknown

PATH: /usr/local/sbin
PATH: /usr/local/bin
PATH: /usr/sbin
PATH: /usr/bin
PATH: /sbin
PATH: /bin
PATH: /usr/games
PATH: /usr/local/games
PATH: /usr/lib/jvm/java-8-oracle/bin
PATH: /usr/lib/jvm/java-8-oracle/db/bin
PATH: /usr/lib/jvm/java-8-oracle/jre/bin


## ----------- ##
## Core tests. ##
## ----------- ##

configure:2568: checking for a BSD-compatible install
configure:2636: result: /usr/bin/install -c
configure:2647: checking whether build environment is sane
configure:2702: result: yes
configure:2853: checking for a thread-safe mkdir -p
configure:2892: result: /bin/mkdir -p
configure:2899: checking for gawk
configure:2929: result: no
configure:2899: checking for mawk
configure:2915: found /usr/bin/mawk
configure:2926: result: mawk
configure:2937: checking whether make sets $(MAKE)
configure:2959: result: yes
configure:2988: checking whether make supports nested variables
configure:3005: result: yes
configure:3164: checking whether to enable maintainer-specific portions of Makefiles
configure:3173: result: no
configure:3231: checking for mpicc
configure:3247: found /usr/bin/mpicc
configure:3259: result: yes
configure:3331: checking for gcc
configure:3358: result: mpicc
configure:3587: checking for C compiler version
configure:3596: mpicc --version >&5
gcc (Ubuntu 4.8.4-2ubuntu1~14.04) 4.8.4
Copyright (C) 2013 Free Software Foundation, Inc.
This is free software; see the source for copying conditions.  There is NO
warranty; not even for MERCHANTABILITY or FITNESS FOR A PARTICULAR PURPOSE.

configure:3607: $? = 0
configure:3596: mpicc -v >&5
Using built-in specs.
COLLECT_GCC=/usr/bin/gcc
COLLECT_LTO_WRAPPER=/usr/lib/gcc/x86_64-linux-gnu/4.8/lto-wrapper
Target: x86_64-linux-gnu
Configured with: ../src/configure -v --with-pkgversion='Ubuntu 4.8.4-2ubuntu1~14.04' --with-bugurl=file:///usr/share/doc/gcc-4.8/README.Bugs --enable-languages=c,c++,java,go,d,fortran,objc,obj-c++ --prefix=/usr --program-suffix=-4.8 --enable-shared --enable-linker-build-id --libexecdir=/usr/lib --without-included-gettext --enable-threads=posix --with-gxx-include-dir=/usr/include/c++/4.8 --libdir=/usr/lib --enable-nls --with-sysroot=/ --enable-clocale=gnu --enable-libstdcxx-debug --enable-libstdcxx-time=yes --enable-gnu-unique-object --disable-libmudflap --enable-plugin --with-system-zlib --disable-browser-plugin --enable-java-awt=gtk --enable-gtk-cairo --with-java-home=/usr/lib/jvm/java-1.5.0-gcj-4.8-amd64/jre --enable-java-home --with-jvm-root-dir=/usr/lib/jvm/java-1.5.0-gcj-4.8-amd64 --with-jvm-jar-dir=/usr/lib/jvm-exports/java-1.5.0-gcj-4.8-amd64 --with-arch-directory=amd64 --with-ecj-jar=/usr/share/java/eclipse-ecj.jar --enable-objc-gc --enable-multiarch --disable-werror --with-arch-32=i686 --with-abi=m64 --with-multilib-list=m32,m64,mx32 --with-tune=generic --enable-checking=release --build=x86_64-linux-gnu --host=x86_64-linux-gnu --target=x86_64-linux-gnu
Thread model: posix
gcc version 4.8.4 (Ubuntu 4.8.4-2ubuntu1~14.04) 
configure:3607: $? = 0
configure:3596: mpicc -V >&5
gcc: error: unrecognized command line option '-V'
gcc: fatal error: no input files
compilation terminated.
configure:3607: $? = 4
configure:3596: mpicc -qversion >&5
gcc: error: unrecognized command line option '-qversion'
gcc: fatal error: no input files
compilation terminated.
configure:3607: $? = 4
configure:3627: checking whether the C compiler works
configure:3649: mpicc    conftest.c  >&5
configure:3653: $? = 0
configure:3701: result: yes
configure:3704: checking for C compiler default output file name
configure:3706: result: a.out
configure:3712: checking for suffix of executables
configure:3719: mpicc -o conftest    conftest.c  >&5
configure:3723: $? = 0
configure:3745: result: 
configure:3767: checking whether we are cross compiling
configure:3775: mpicc -o conftest    conftest.c  >&5
configure:3779: $? = 0
configure:3786: ./conftest
configure:3790: $? = 0
configure:3805: result: no
configure:3810: checking for suffix of object files
configure:3832: mpicc -c   conftest.c >&5
configure:3836: $? = 0
configure:3857: result: o
configure:3861: checking whether we are using the GNU C compiler
configure:3880: mpicc -c   conftest.c >&5
configure:3880: $? = 0
configure:3889: result: yes
configure:3898: checking whether mpicc accepts -g
configure:3918: mpicc -c -g  conftest.c >&5
configure:3918: $? = 0
configure:3959: result: yes
configure:3976: checking for mpicc option to accept ISO C89
configure:4039: mpicc  -c -g -O2  conftest.c >&5
configure:4039: $? = 0
configure:4052: result: none needed
configure:4077: checking whether mpicc understands -c and -o together
configure:4099: mpicc -c conftest.c -o conftest2.o
configure:4102: $? = 0
configure:4099: mpicc -c conftest.c -o conftest2.o
configure:4102: $? = 0
configure:4114: result: yes
configure:4142: checking for style of include used by make
configure:4170: result: GNU
configure:4196: checking dependency style of mpicc
configure:4307: result: gcc3
configure:4333: checking build system type
configure:4347: result: x86_64-unknown-linux-gnu
configure:4367: checking host system type
configure:4380: result: x86_64-unknown-linux-gnu
configure:4749: checking how to print strings
configure:4776: result: printf
configure:4797: checking for a sed that does not truncate output
configure:4861: result: /bin/sed
configure:4879: checking for grep that handles long lines and -e
configure:4937: result: /bin/grep
configure:4942: checking for egrep
configure:5004: result: /bin/grep -E
configure:5009: checking for fgrep
configure:5071: result: /bin/grep -F
configure:5106: checking for ld used by mpicc
configure:5173: result: /usr/bin/ld
configure:5180: checking if the linker (/usr/bin/ld) is GNU ld
configure:5195: result: yes
configure:5207: checking for BSD- or MS-compatible name lister (nm)
configure:5256: result: /usr/bin/nm -B
configure:5386: checking the name lister (/usr/bin/nm -B) interface
configure:5393: mpicc -c -g -O2 -D_XOPEN_SOURCE=700 -D_BSD_SOURCE -D_GNU_SOURCE -Wall -Werror-implicit-function-declaration -Wmissing-prototypes -Wmissing-declarations -pipe -std=c99  conftest.c >&5
configure:5396: /usr/bin/nm -B "conftest.o"
configure:5399: output
0000000000000000 B some_variable
configure:5406: result: BSD nm
configure:5409: checking whether ln -s works
configure:5413: result: yes
configure:5421: checking the maximum length of command line arguments
configure:5552: result: 1572864
configure:5569: checking whether the shell understands some XSI constructs
configure:5579: result: yes
configure:5583: checking whether the shell understands "+="
configure:5589: result: yes
configure:5624: checking how to convert x86_64-unknown-linux-gnu file names to x86_64-unknown-linux-gnu format
configure:5664: result: func_convert_file_noop
configure:5671: checking how to convert x86_64-unknown-linux-gnu file names to toolchain format
configure:5691: result: func_convert_file_noop
configure:5698: checking for /usr/bin/ld option to reload object files
configure:5705: result: -r
configure:5779: checking for objdump
configure:5806: result: objdump
configure:5835: checking how to recognize dependent libraries
configure:6033: result: pass_all
configure:6118: checking for dlltool
configure:6145: result: dlltool
configure:6175: checking how to associate runtime and link libraries
configure:6202: result: printf %s\n
configure:6263: checking for ar
configure:6279: found /usr/bin/ar
configure:6290: result: ar
configure:6327: checking for archiver @FILE support
configure:6344: mpicc -c -g -O2 -D_XOPEN_SOURCE=700 -D_BSD_SOURCE -D_GNU_SOURCE -Wall -Werror-implicit-function-declaration -Wmissing-prototypes -Wmissing-declarations -pipe -std=c99  conftest.c >&5
configure:6344: $? = 0
configure:6347: ar cru libconftest.a @conftest.lst >&5
configure:6350: $? = 0
configure:6355: ar cru libconftest.a @conftest.lst >&5
ar: conftest.o: No such file or directory
configure:6358: $? = 1
configure:6370: result: @
configure:6428: checking for strip
configure:6444: found /usr/bin/strip
configure:6455: result: strip
configure:6527: checking for ranlib
configure:6543: found /usr/bin/ranlib
configure:6554: result: ranlib
configure:6656: checking command to parse /usr/bin/nm -B output from mpicc object
configure:6776: mpicc -c -g -O2 -D_XOPEN_SOURCE=700 -D_BSD_SOURCE -D_GNU_SOURCE -Wall -Werror-implicit-function-declaration -Wmissing-prototypes -Wmissing-declarations -pipe -std=c99  conftest.c >&5
configure:6779: $? = 0
configure:6783: /usr/bin/nm -B conftest.o \| sed -n -e 's/^.*[ ]\([ABCDGIRSTW][ABCDGIRSTW]*\)[ ][ ]*\([_A-Za-z][_A-Za-z0-9]*\)$/\1 \2 \2/p' | sed '/ __gnu_lto/d' \> conftest.nm
configure:6786: $? = 0
configure:6852: mpicc -o conftest -g -O2 -D_XOPEN_SOURCE=700 -D_BSD_SOURCE -D_GNU_SOURCE -Wall -Werror-implicit-function-declaration -Wmissing-prototypes -Wmissing-declarations -pipe -std=c99   conftest.c conftstm.o >&5
configure:6855: $? = 0
configure:6893: result: ok
configure:6930: checking for sysroot
configure:6960: result: no
configure:7037: mpicc -c -g -O2 -D_XOPEN_SOURCE=700 -D_BSD_SOURCE -D_GNU_SOURCE -Wall -Werror-implicit-function-declaration -Wmissing-prototypes -Wmissing-declarations -pipe -std=c99  conftest.c >&5
configure:7040: $? = 0
configure:7229: checking for mt
configure:7245: found /bin/mt
configure:7256: result: mt
configure:7279: checking if mt is a manifest tool
configure:7285: mt '-?'
configure:7293: result: no
configure:7935: checking how to run the C preprocessor
configure:7966: mpicc -E  conftest.c
configure:7966: $? = 0
configure:7980: mpicc -E  conftest.c
conftest.c:17:28: fatal error: ac_nonexistent.h: No such file or directory
 #include <ac_nonexistent.h>
                            ^
compilation terminated.
configure:7980: $? = 1
configure: failed program was:
| /* confdefs.h */
| #define PACKAGE_NAME ""
| #define PACKAGE_TARNAME ""
| #define PACKAGE_VERSION ""
| #define PACKAGE_STRING ""
| #define PACKAGE_BUGREPORT ""
| #define PACKAGE_URL ""
| #define GFS_MAJOR_VERSION 1
| #define GFS_MINOR_VERSION 3
| #define GFS_MICRO_VERSION 2
| #define GFS_INTERFACE_AGE 0
| #define GFS_BINARY_AGE 0
| #define GFS_VERSION "1.3.2"
| #define GFS_COMPILATION_FLAGS ""
| #define HAVE_MPI 1
| /* end confdefs.h.  */
| #include <ac_nonexistent.h>
configure:8005: result: mpicc -E
configure:8025: mpicc -E  conftest.c
configure:8025: $? = 0
configure:8039: mpicc -E  conftest.c
conftest.c:17:28: fatal error: ac_nonexistent.h: No such file or directory
 #include <ac_nonexistent.h>
                            ^
compilation terminated.
configure:8039: $? = 1
configure: failed program was:
| /* confdefs.h */
| #define PACKAGE_NAME ""
| #define PACKAGE_TARNAME ""
| #define PACKAGE_VERSION ""
| #define PACKAGE_STRING ""
| #define PACKAGE_BUGREPORT ""
| #define PACKAGE_URL ""
| #define GFS_MAJOR_VERSION 1
| #define GFS_MINOR_VERSION 3
| #define GFS_MICRO_VERSION 2
| #define GFS_INTERFACE_AGE 0
| #define GFS_BINARY_AGE 0
| #define GFS_VERSION "1.3.2"
| #define GFS_COMPILATION_FLAGS ""
| #define HAVE_MPI 1
| /* end confdefs.h.  */
| #include <ac_nonexistent.h>
configure:8068: checking for ANSI C header files
configure:8088: mpicc -c -g -O2 -D_XOPEN_SOURCE=700 -D_BSD_SOURCE -D_GNU_SOURCE -Wall -Werror-implicit-function-declaration -Wmissing-prototypes -Wmissing-declarations -pipe -std=c99  conftest.c >&5
configure:8088: $? = 0
configure:8161: mpicc -o conftest -g -O2 -D_XOPEN_SOURCE=700 -D_BSD_SOURCE -D_GNU_SOURCE -Wall -Werror-implicit-function-declaration -Wmissing-prototypes -Wmissing-declarations -pipe -std=c99   conftest.c  >&5
configure:8161: $? = 0
configure:8161: ./conftest
configure:8161: $? = 0
configure:8172: result: yes
configure:8185: checking for sys/types.h
configure:8185: mpicc -c -g -O2 -D_XOPEN_SOURCE=700 -D_BSD_SOURCE -D_GNU_SOURCE -Wall -Werror-implicit-function-declaration -Wmissing-prototypes -Wmissing-declarations -pipe -std=c99  conftest.c >&5
configure:8185: $? = 0
configure:8185: result: yes
configure:8185: checking for sys/stat.h
configure:8185: mpicc -c -g -O2 -D_XOPEN_SOURCE=700 -D_BSD_SOURCE -D_GNU_SOURCE -Wall -Werror-implicit-function-declaration -Wmissing-prototypes -Wmissing-declarations -pipe -std=c99  conftest.c >&5
configure:8185: $? = 0
configure:8185: result: yes
configure:8185: checking for stdlib.h
configure:8185: mpicc -c -g -O2 -D_XOPEN_SOURCE=700 -D_BSD_SOURCE -D_GNU_SOURCE -Wall -Werror-implicit-function-declaration -Wmissing-prototypes -Wmissing-declarations -pipe -std=c99  conftest.c >&5
configure:8185: $? = 0
configure:8185: result: yes
configure:8185: checking for string.h
configure:8185: mpicc -c -g -O2 -D_XOPEN_SOURCE=700 -D_BSD_SOURCE -D_GNU_SOURCE -Wall -Werror-implicit-function-declaration -Wmissing-prototypes -Wmissing-declarations -pipe -std=c99  conftest.c >&5
configure:8185: $? = 0
configure:8185: result: yes
configure:8185: checking for memory.h
configure:8185: mpicc -c -g -O2 -D_XOPEN_SOURCE=700 -D_BSD_SOURCE -D_GNU_SOURCE -Wall -Werror-implicit-function-declaration -Wmissing-prototypes -Wmissing-declarations -pipe -std=c99  conftest.c >&5
configure:8185: $? = 0
configure:8185: result: yes
configure:8185: checking for strings.h
configure:8185: mpicc -c -g -O2 -D_XOPEN_SOURCE=700 -D_BSD_SOURCE -D_GNU_SOURCE -Wall -Werror-implicit-function-declaration -Wmissing-prototypes -Wmissing-declarations -pipe -std=c99  conftest.c >&5
configure:8185: $? = 0
configure:8185: result: yes
configure:8185: checking for inttypes.h
configure:8185: mpicc -c -g -O2 -D_XOPEN_SOURCE=700 -D_BSD_SOURCE -D_GNU_SOURCE -Wall -Werror-implicit-function-declaration -Wmissing-prototypes -Wmissing-declarations -pipe -std=c99  conftest.c >&5
configure:8185: $? = 0
configure:8185: result: yes
configure:8185: checking for stdint.h
configure:8185: mpicc -c -g -O2 -D_XOPEN_SOURCE=700 -D_BSD_SOURCE -D_GNU_SOURCE -Wall -Werror-implicit-function-declaration -Wmissing-prototypes -Wmissing-declarations -pipe -std=c99  conftest.c >&5
configure:8185: $? = 0
configure:8185: result: yes
configure:8185: checking for unistd.h
configure:8185: mpicc -c -g -O2 -D_XOPEN_SOURCE=700 -D_BSD_SOURCE -D_GNU_SOURCE -Wall -Werror-implicit-function-declaration -Wmissing-prototypes -Wmissing-declarations -pipe -std=c99  conftest.c >&5
configure:8185: $? = 0
configure:8185: result: yes
configure:8199: checking for dlfcn.h
configure:8199: mpicc -c -g -O2 -D_XOPEN_SOURCE=700 -D_BSD_SOURCE -D_GNU_SOURCE -Wall -Werror-implicit-function-declaration -Wmissing-prototypes -Wmissing-declarations -pipe -std=c99  conftest.c >&5
configure:8199: $? = 0
configure:8199: result: yes
configure:8403: checking for objdir
configure:8418: result: .libs
configure:8689: checking if mpicc supports -fno-rtti -fno-exceptions
configure:8707: mpicc -c -g -O2 -D_XOPEN_SOURCE=700 -D_BSD_SOURCE -D_GNU_SOURCE -Wall -Werror-implicit-function-declaration -Wmissing-prototypes -Wmissing-declarations -pipe -std=c99  -fno-rtti -fno-exceptions conftest.c >&5
cc1: warning: command line option '-fno-rtti' is valid for C++/ObjC++ but not for C [enabled by default]
configure:8711: $? = 0
configure:8724: result: no
configure:9051: checking for mpicc option to produce PIC
configure:9058: result: -fPIC -DPIC
configure:9066: checking if mpicc PIC flag -fPIC -DPIC works
configure:9084: mpicc -c -g -O2 -D_XOPEN_SOURCE=700 -D_BSD_SOURCE -D_GNU_SOURCE -Wall -Werror-implicit-function-declaration -Wmissing-prototypes -Wmissing-declarations -pipe -std=c99  -fPIC -DPIC -DPIC conftest.c >&5
configure:9088: $? = 0
configure:9101: result: yes
configure:9130: checking if mpicc static flag -static works
configure:9158: result: no
configure:9173: checking if mpicc supports -c -o file.o
configure:9194: mpicc -c -g -O2 -D_XOPEN_SOURCE=700 -D_BSD_SOURCE -D_GNU_SOURCE -Wall -Werror-implicit-function-declaration -Wmissing-prototypes -Wmissing-declarations -pipe -std=c99  -o out/conftest2.o conftest.c >&5
configure:9198: $? = 0
configure:9220: result: yes
configure:9228: checking if mpicc supports -c -o file.o
configure:9275: result: yes
configure:9308: checking whether the mpicc linker (/usr/bin/ld -m elf_x86_64) supports shared libraries
configure:10465: result: yes
configure:10502: checking whether -lc should be explicitly linked in
configure:10510: mpicc -c -g -O2 -D_XOPEN_SOURCE=700 -D_BSD_SOURCE -D_GNU_SOURCE -Wall -Werror-implicit-function-declaration -Wmissing-prototypes -Wmissing-declarations -pipe -std=c99  conftest.c >&5
configure:10513: $? = 0
configure:10528: mpicc -shared  -fPIC -DPIC conftest.o  -v -Wl,-soname -Wl,conftest -o conftest 2\>\&1 \| /bin/grep  -lc  \>/dev/null 2\>\&1
configure:10531: $? = 0
configure:10545: result: no
configure:10705: checking dynamic linker characteristics
configure:11205: mpicc -o conftest -g -O2 -D_XOPEN_SOURCE=700 -D_BSD_SOURCE -D_GNU_SOURCE -Wall -Werror-implicit-function-declaration -Wmissing-prototypes -Wmissing-declarations -pipe -std=c99   -Wl,-rpath -Wl,/foo conftest.c  >&5
configure:11205: $? = 0
configure:11439: result: GNU/Linux ld.so
configure:11546: checking how to hardcode library paths into programs
configure:11571: result: immediate
configure:12111: checking whether stripping libraries is possible
configure:12116: result: yes
configure:12151: checking if libtool supports shared libraries
configure:12153: result: yes
configure:12156: checking whether to build shared libraries
configure:12177: result: yes
configure:12180: checking whether to build static libraries
configure:12184: result: yes
configure:12249: checking for gawk
configure:12276: result: mawk
configure:12287: checking for library containing strerror
configure:12318: mpicc -o conftest -g -O2 -D_XOPEN_SOURCE=700 -D_BSD_SOURCE -D_GNU_SOURCE -Wall -Werror-implicit-function-declaration -Wmissing-prototypes -Wmissing-declarations -pipe -std=c99   conftest.c  >&5
configure:12318: $? = 0
configure:12335: result: none required
configure:12343: checking for ANSI C header files
configure:12447: result: yes
configure:12457: checking whether pointers can be stored in doubles
configure:12472: mpicc -o conftest -g -O2 -D_XOPEN_SOURCE=700 -D_BSD_SOURCE -D_GNU_SOURCE -Wall -Werror-implicit-function-declaration -Wmissing-prototypes -Wmissing-declarations -pipe -std=c99   conftest.c  >&5
conftest.c:31:1: warning: return type defaults to 'int' [enabled by default]
 main () {
 ^
configure:12472: $? = 0
configure:12472: ./conftest
configure:12472: $? = 0
configure:12481: result: yes
configure:12542: checking for pkg-config
configure:12560: found /usr/bin/pkg-config
configure:12572: result: /usr/bin/pkg-config
configure:12597: checking pkg-config is at least version 0.9.0
configure:12600: result: yes
configure:12610: checking for GTS
configure:12617: $PKG_CONFIG --exists --print-errors "gts >= 0.7.4"
configure:12620: $? = 0
configure:12634: $PKG_CONFIG --exists --print-errors "gts >= 0.7.4"
configure:12637: $? = 0
configure:12695: result: yes
configure:12716: checking whether modules are supported
configure:12738: mpicc -o conftest -pthread -I/usr/local/include -I/usr/include/glib-2.0 -I/usr/lib/x86_64-linux-gnu/glib-2.0/include     conftest.c -pthread -Wl,--export-dynamic -L/usr/local/lib -lgts -lm -lgthread-2.0 -lgmodule-2.0 -lglib-2.0   >&5
configure:12738: $? = 0
configure:12738: ./conftest
configure:12738: $? = 0
configure:12747: result: yes
configure:12789: checking for pkg-config
configure:12805: found /usr/bin/pkg-config
configure:12817: result: yes
configure:12845: checking for m4
configure:12861: found /usr/bin/m4
configure:12873: result: yes
configure:12886: checking check whether m4 accepts the -P option
configure:12894: result: yes
configure:12911: checking for pj_fwd in -lproj
configure:12936: mpicc -o conftest -g -O2 -D_XOPEN_SOURCE=700 -D_BSD_SOURCE -D_GNU_SOURCE -Wall -Werror-implicit-function-declaration -Wmissing-prototypes -Wmissing-declarations -pipe -std=c99   conftest.c -lproj -lm  >&5
configure:12936: $? = 0
configure:12945: result: yes
configure:12956: checking proj_api.h usability
configure:12956: mpicc -c -g -O2 -D_XOPEN_SOURCE=700 -D_BSD_SOURCE -D_GNU_SOURCE -Wall -Werror-implicit-function-declaration -Wmissing-prototypes -Wmissing-declarations -pipe -std=c99  conftest.c >&5
configure:12956: $? = 0
configure:12956: result: yes
configure:12956: checking proj_api.h presence
configure:12956: mpicc -E  conftest.c
configure:12956: $? = 0
configure:12956: result: yes
configure:12956: checking for proj_api.h
configure:12956: result: yes
configure:13014: checking for gsl-config
configure:13032: found /usr/bin/gsl-config
configure:13045: result: /usr/bin/gsl-config
configure:13054: checking for GSL - version >= 0.2.5
configure:13154: mpicc -o conftest -g -O2 -D_XOPEN_SOURCE=700 -D_BSD_SOURCE -D_GNU_SOURCE -Wall -Werror-implicit-function-declaration -Wmissing-prototypes -Wmissing-declarations -pipe -std=c99 -I/usr/include   conftest.c  -L/usr/lib -lgsl -lgslcblas -lm >&5
conftest.c: In function 'main':
conftest.c:63:10: warning: ignoring return value of 'system', declared with attribute warn_unused_result [-Wunused-result]
   system ("touch conf.gsltest");
          ^
configure:13154: $? = 0
configure:13154: ./conftest
configure:13154: $? = 0
configure:13168: result: yes
configure:13239: checking for nc_open in -lnetcdf
configure:13264: mpicc -o conftest -g -O2 -D_XOPEN_SOURCE=700 -D_BSD_SOURCE -D_GNU_SOURCE -Wall -Werror-implicit-function-declaration -Wmissing-prototypes -Wmissing-declarations -pipe -std=c99   conftest.c -lnetcdf -lm  >&5
configure:13264: $? = 0
configure:13273: result: yes
configure:13283: checking netcdf.h usability
configure:13283: mpicc -c -g -O2 -D_XOPEN_SOURCE=700 -D_BSD_SOURCE -D_GNU_SOURCE -Wall -Werror-implicit-function-declaration -Wmissing-prototypes -Wmissing-declarations -pipe -std=c99  conftest.c >&5
configure:13283: $? = 0
configure:13283: result: yes
configure:13283: checking netcdf.h presence
configure:13283: mpicc -E  conftest.c
configure:13283: $? = 0
configure:13283: result: yes
configure:13283: checking for netcdf.h
configure:13283: result: yes
configure:13375: checking for g77
configure:13405: result: no
configure:13375: checking for xlf
configure:13405: result: no
configure:13375: checking for f77
configure:13405: result: no
configure:13375: checking for frt
configure:13405: result: no
configure:13375: checking for pgf77
configure:13405: result: no
configure:13375: checking for cf77
configure:13405: result: no
configure:13375: checking for fort77
configure:13405: result: no
configure:13375: checking for fl32
configure:13405: result: no
configure:13375: checking for af77
configure:13405: result: no
configure:13375: checking for xlf90
configure:13405: result: no
configure:13375: checking for f90
configure:13405: result: no
configure:13375: checking for pgf90
configure:13405: result: no
configure:13375: checking for pghpf
configure:13405: result: no
configure:13375: checking for epcf90
configure:13405: result: no
configure:13375: checking for gfortran
configure:13405: result: no
configure:13375: checking for g95
configure:13405: result: no
configure:13375: checking for xlf95
configure:13405: result: no
configure:13375: checking for f95
configure:13405: result: no
configure:13375: checking for fort
configure:13405: result: no
configure:13375: checking for ifort
configure:13405: result: no
configure:13375: checking for ifc
configure:13405: result: no
configure:13375: checking for efc
configure:13405: result: no
configure:13375: checking for pgfortran
configure:13405: result: no
configure:13375: checking for pgf95
configure:13405: result: no
configure:13375: checking for lf95
configure:13405: result: no
configure:13375: checking for ftn
configure:13405: result: no
configure:13375: checking for nagfor
configure:13405: result: no
configure:13428: checking for Fortran 77 compiler version
configure:13437:  --version >&5
./configure: line 13439: --version: command not found
configure:13448: $? = 127
configure:13437:  -v >&5
./configure: line 13439: -v: command not found
configure:13448: $? = 127
configure:13437:  -V >&5
./configure: line 13439: -V: command not found
configure:13448: $? = 127
configure:13437:  -qversion >&5
./configure: line 13439: -qversion: command not found
configure:13448: $? = 127
configure:13457: checking whether we are using the GNU Fortran 77 compiler
configure:13470:  -c  conftest.F >&5
./configure: line 1973: -c: command not found
configure:13470: $? = 127
configure: failed program was:
|       program main
| #ifndef __GNUC__
|        choke me
| #endif
| 
|       end
configure:13479: result: no
configure:13485: checking whether  accepts -g
configure:13496:  -c -g conftest.f >&5
./configure: line 1973: -c: command not found
configure:13496: $? = 127
configure: failed program was:
|       program main
| 
|       end
configure:13504: result: no
configure:20158: checking for ode-config
configure:20174: found /usr/bin/ode-config
configure:20186: result: yes
configure:20215: checking for HYPRE_IJMatrixCreate in -lHYPRE
configure:20248: mpicc -o conftest -g -O2 -D_XOPEN_SOURCE=700 -D_BSD_SOURCE -D_GNU_SOURCE -Wall -Werror-implicit-function-declaration -Wmissing-prototypes -Wmissing-declarations -pipe -std=c99   conftest.c -lHYPRE -lm  >&5
/tmp/ccOLINmN.o: In function `main':
/home/pablo/gerris/gerris-stable/conftest.c:54: undefined reference to `HYPRE_IJMatrixCreate'
collect2: error: ld returned 1 exit status
configure:20248: $? = 1
configure: failed program was:
| /* confdefs.h */
| #define PACKAGE_NAME ""
| #define PACKAGE_TARNAME ""
| #define PACKAGE_VERSION ""
| #define PACKAGE_STRING ""
| #define PACKAGE_BUGREPORT ""
| #define PACKAGE_URL ""
| #define GFS_MAJOR_VERSION 1
| #define GFS_MINOR_VERSION 3
| #define GFS_MICRO_VERSION 2
| #define GFS_INTERFACE_AGE 0
| #define GFS_BINARY_AGE 0
| #define GFS_VERSION "1.3.2"
| #define GFS_COMPILATION_FLAGS ""
| #define HAVE_MPI 1
| #define STDC_HEADERS 1
| #define HAVE_SYS_TYPES_H 1
| #define HAVE_SYS_STAT_H 1
| #define HAVE_STDLIB_H 1
| #define HAVE_STRING_H 1
| #define HAVE_MEMORY_H 1
| #define HAVE_STRINGS_H 1
| #define HAVE_INTTYPES_H 1
| #define HAVE_STDINT_H 1
| #define HAVE_UNISTD_H 1
| #define HAVE_DLFCN_H 1
| #define LT_OBJDIR ".libs/"
| #define STDC_HEADERS 1
| #define HAVE_PKG_CONFIG 1
| #define HAVE_M4 1
| #define M4_OPTIONS "-P"
| #define HAVE_PROJ_API_H 1
| #define HAVE_NETCDF_H 1
| /* end confdefs.h.  */
| 
| /* Override any GCC internal prototype to avoid an error.
|    Use char because int might match the return type of a GCC
|    builtin and then its argument prototype would still apply.  */
| #ifdef __cplusplus
| extern "C"
| #endif
| char HYPRE_IJMatrixCreate ();
| #ifdef F77_DUMMY_MAIN
| 
| #  ifdef __cplusplus
|      extern "C"
| #  endif
|    int F77_DUMMY_MAIN() { return 1; }
| 
| #endif
| int
| main ()
| {
| return HYPRE_IJMatrixCreate ();
|   ;
|   return 0;
| }
configure:20257: result: no
configure:20282: WARNING: HYPRE not found. hypre Module won't be available.
configure:20296: checking for lis_initialize in -llis
configure:20329: mpicc -o conftest -g -O2 -D_XOPEN_SOURCE=700 -D_BSD_SOURCE -D_GNU_SOURCE -Wall -Werror-implicit-function-declaration -Wmissing-prototypes -Wmissing-declarations -pipe -std=c99   conftest.c -llis -lgfortran -lm  >&5
/usr/bin/ld: cannot find -llis
/usr/bin/ld: cannot find -lgfortran
collect2: error: ld returned 1 exit status
configure:20329: $? = 1
configure: failed program was:
| /* confdefs.h */
| #define PACKAGE_NAME ""
| #define PACKAGE_TARNAME ""
| #define PACKAGE_VERSION ""
| #define PACKAGE_STRING ""
| #define PACKAGE_BUGREPORT ""
| #define PACKAGE_URL ""
| #define GFS_MAJOR_VERSION 1
| #define GFS_MINOR_VERSION 3
| #define GFS_MICRO_VERSION 2
| #define GFS_INTERFACE_AGE 0
| #define GFS_BINARY_AGE 0
| #define GFS_VERSION "1.3.2"
| #define GFS_COMPILATION_FLAGS ""
| #define HAVE_MPI 1
| #define STDC_HEADERS 1
| #define HAVE_SYS_TYPES_H 1
| #define HAVE_SYS_STAT_H 1
| #define HAVE_STDLIB_H 1
| #define HAVE_STRING_H 1
| #define HAVE_MEMORY_H 1
| #define HAVE_STRINGS_H 1
| #define HAVE_INTTYPES_H 1
| #define HAVE_STDINT_H 1
| #define HAVE_UNISTD_H 1
| #define HAVE_DLFCN_H 1
| #define LT_OBJDIR ".libs/"
| #define STDC_HEADERS 1
| #define HAVE_PKG_CONFIG 1
| #define HAVE_M4 1
| #define M4_OPTIONS "-P"
| #define HAVE_PROJ_API_H 1
| #define HAVE_NETCDF_H 1
| /* end confdefs.h.  */
| 
| /* Override any GCC internal prototype to avoid an error.
|    Use char because int might match the return type of a GCC
|    builtin and then its argument prototype would still apply.  */
| #ifdef __cplusplus
| extern "C"
| #endif
| char lis_initialize ();
| #ifdef F77_DUMMY_MAIN
| 
| #  ifdef __cplusplus
|      extern "C"
| #  endif
|    int F77_DUMMY_MAIN() { return 1; }
| 
| #endif
| int
| main ()
| {
| return lis_initialize ();
|   ;
|   return 0;
| }
configure:20338: result: no
configure:20363: WARNING: lis not found. lis Module won't be available.
configure:20378: checking for FFTW3
configure:20385: $PKG_CONFIG --exists --print-errors " fftw3 >= 3 "
configure:20388: $? = 0
configure:20402: $PKG_CONFIG --exists --print-errors " fftw3 >= 3 "
configure:20405: $? = 0
configure:20443: result: yes
configure:20461: checking fenv.h usability
configure:20461: mpicc -c -g -O2 -D_XOPEN_SOURCE=700 -D_BSD_SOURCE -D_GNU_SOURCE -Wall -Werror-implicit-function-declaration -Wmissing-prototypes -Wmissing-declarations -pipe -std=c99  conftest.c >&5
configure:20461: $? = 0
configure:20461: result: yes
configure:20461: checking fenv.h presence
configure:20461: mpicc -E  conftest.c
configure:20461: $? = 0
configure:20461: result: yes
configure:20461: checking for fenv.h
configure:20461: result: yes
configure:20474: checking for unistd.h
configure:20474: result: yes
configure:20487: checking getopt.h usability
configure:20487: mpicc -c -g -O2 -D_XOPEN_SOURCE=700 -D_BSD_SOURCE -D_GNU_SOURCE -Wall -Werror-implicit-function-declaration -Wmissing-prototypes -Wmissing-declarations -pipe -std=c99  conftest.c >&5
configure:20487: $? = 0
configure:20487: result: yes
configure:20487: checking getopt.h presence
configure:20487: mpicc -E  conftest.c
configure:20487: $? = 0
configure:20487: result: yes
configure:20487: checking for getopt.h
configure:20487: result: yes
configure:20507: checking for getopt_long
configure:20507: mpicc -o conftest -pthread -I/usr/local/include -I/usr/include/glib-2.0 -I/usr/lib/x86_64-linux-gnu/glib-2.0/include     conftest.c -pthread -Wl,--export-dynamic -L/usr/local/lib -lgts -lm -lgthread-2.0 -lgmodule-2.0 -lglib-2.0   >&5
configure:20507: $? = 0
configure:20507: result: yes
configure:20507: checking for g_mkdtemp
configure:20507: mpicc -o conftest -pthread -I/usr/local/include -I/usr/include/glib-2.0 -I/usr/lib/x86_64-linux-gnu/glib-2.0/include     conftest.c -pthread -Wl,--export-dynamic -L/usr/local/lib -lgts -lm -lgthread-2.0 -lgmodule-2.0 -lglib-2.0   >&5
configure:20507: $? = 0
configure:20507: result: yes
configure:20507: checking for open_memstream
configure:20507: mpicc -o conftest -pthread -I/usr/local/include -I/usr/include/glib-2.0 -I/usr/lib/x86_64-linux-gnu/glib-2.0/include     conftest.c -pthread -Wl,--export-dynamic -L/usr/local/lib -lgts -lm -lgthread-2.0 -lgmodule-2.0 -lglib-2.0   >&5
configure:20507: $? = 0
configure:20507: result: yes
configure:20507: checking for funopen
configure:20507: mpicc -o conftest -pthread -I/usr/local/include -I/usr/include/glib-2.0 -I/usr/lib/x86_64-linux-gnu/glib-2.0/include     conftest.c -pthread -Wl,--export-dynamic -L/usr/local/lib -lgts -lm -lgthread-2.0 -lgmodule-2.0 -lglib-2.0   >&5
/tmp/ccesP288.o: In function `main':
conftest.c:(.text+0xa): undefined reference to `funopen'
collect2: error: ld returned 1 exit status
configure:20507: $? = 1
configure: failed program was:
| /* confdefs.h */
| #define PACKAGE_NAME ""
| #define PACKAGE_TARNAME ""
| #define PACKAGE_VERSION ""
| #define PACKAGE_STRING ""
| #define PACKAGE_BUGREPORT ""
| #define PACKAGE_URL ""
| #define GFS_MAJOR_VERSION 1
| #define GFS_MINOR_VERSION 3
| #define GFS_MICRO_VERSION 2
| #define GFS_INTERFACE_AGE 0
| #define GFS_BINARY_AGE 0
| #define GFS_VERSION "1.3.2"
| #define GFS_COMPILATION_FLAGS ""
| #define HAVE_MPI 1
| #define STDC_HEADERS 1
| #define HAVE_SYS_TYPES_H 1
| #define HAVE_SYS_STAT_H 1
| #define HAVE_STDLIB_H 1
| #define HAVE_STRING_H 1
| #define HAVE_MEMORY_H 1
| #define HAVE_STRINGS_H 1
| #define HAVE_INTTYPES_H 1
| #define HAVE_STDINT_H 1
| #define HAVE_UNISTD_H 1
| #define HAVE_DLFCN_H 1
| #define LT_OBJDIR ".libs/"
| #define STDC_HEADERS 1
| #define HAVE_PKG_CONFIG 1
| #define HAVE_M4 1
| #define M4_OPTIONS "-P"
| #define HAVE_PROJ_API_H 1
| #define HAVE_NETCDF_H 1
| #define HAVE_FENV_H 1
| #define HAVE_FENV_H 1
| #define HAVE_UNISTD_H 1
| #define HAVE_UNISTD_H 1
| #define HAVE_GETOPT_H 1
| #define HAVE_GETOPT_H 1
| #define HAVE_GETOPT_LONG 1
| #define HAVE_G_MKDTEMP 1
| #define HAVE_OPEN_MEMSTREAM 1
| /* end confdefs.h.  */
| /* Define funopen to an innocuous variant, in case <limits.h> declares funopen.
|    For example, HP-UX 11i <limits.h> declares gettimeofday.  */
| #define funopen innocuous_funopen
| 
| /* System header to define __stub macros and hopefully few prototypes,
|     which can conflict with char funopen (); below.
|     Prefer <limits.h> to <assert.h> if __STDC__ is defined, since
|     <limits.h> exists even on freestanding compilers.  */
| 
| #ifdef __STDC__
| # include <limits.h>
| #else
| # include <assert.h>
| #endif
| 
| #undef funopen
| 
| /* Override any GCC internal prototype to avoid an error.
|    Use char because int might match the return type of a GCC
|    builtin and then its argument prototype would still apply.  */
| #ifdef __cplusplus
| extern "C"
| #endif
| char funopen ();
| /* The GNU C library defines this for functions which it implements
|     to always fail with ENOSYS.  Some functions are actually named
|     something starting with __ and the normal name is an alias.  */
| #if defined __stub_funopen || defined __stub___funopen
| choke me
| #endif
| 
| int
| main ()
| {
| return funopen ();
|   ;
|   return 0;
| }
configure:20507: result: no
configure:20522: checking for open_memstream
configure:20522: result: yes
configure:20666: checking that generated files are newer than configure
configure:20672: result: done
configure:20751: creating ./config.status

## ---------------------- ##
## Running config.status. ##
## ---------------------- ##

This file was extended by config.status, which was
generated by GNU Autoconf 2.69.  Invocation command line was

  CONFIG_FILES    = 
  CONFIG_HEADERS  = 
  CONFIG_LINKS    = 
  CONFIG_COMMANDS = 
  $ ./config.status 

on pablo-H81MHV3

config.status:1296: creating Makefile
config.status:1296: creating src/Makefile
config.status:1296: creating src/gerris2D.pc
config.status:1296: creating src/gerris3D.pc
config.status:1296: creating tools/Makefile
config.status:1296: creating modules/Makefile
config.status:1296: creating modules/RStarTree/Makefile
config.status:1296: creating modules/kdt/Makefile
config.status:1296: creating modules/fes2004/Makefile
config.status:1296: creating modules/wavewatch/Makefile
config.status:1296: creating modules/culvert/Makefile
config.status:1296: creating test/Makefile
config.status:1296: creating doc/Makefile
config.status:1296: creating doc/tutorial/Makefile
config.status:1296: creating doc/examples/Makefile
config.status:1296: creating doc/manpages/Makefile
config.status:1296: creating doc/examples/gfs2doc
config.status:1296: creating doc/examples/gfs-highlight
config.status:1296: creating doc/examples/crossref.sh
config.status:1296: creating desktop/Makefile
config.status:1296: creating debian/Makefile
config.status:1296: creating config.h
config.status:1477: config.h is unchanged
config.status:1525: executing depfiles commands
config.status:1525: executing libtool commands

## ---------------- ##
## Cache variables. ##
## ---------------- ##

ac_cv_build=x86_64-unknown-linux-gnu
ac_cv_c_compiler_gnu=yes
ac_cv_env_CC_set=
ac_cv_env_CC_value=
ac_cv_env_CFLAGS_set=
ac_cv_env_CFLAGS_value=
ac_cv_env_CPPFLAGS_set=
ac_cv_env_CPPFLAGS_value=
ac_cv_env_CPP_set=
ac_cv_env_CPP_value=
ac_cv_env_F77_set=
ac_cv_env_F77_value=
ac_cv_env_FCFLAGS_set=
ac_cv_env_FCFLAGS_value=
ac_cv_env_FC_set=
ac_cv_env_FC_value=
ac_cv_env_FFLAGS_set=
ac_cv_env_FFLAGS_value=
ac_cv_env_FFTW3_CFLAGS_set=
ac_cv_env_FFTW3_CFLAGS_value=
ac_cv_env_FFTW3_LIBS_set=
ac_cv_env_FFTW3_LIBS_value=
ac_cv_env_GTS_CFLAGS_set=
ac_cv_env_GTS_CFLAGS_value=
ac_cv_env_GTS_LIBS_set=
ac_cv_env_GTS_LIBS_value=
ac_cv_env_LDFLAGS_set=
ac_cv_env_LDFLAGS_value=
ac_cv_env_LIBS_set=
ac_cv_env_LIBS_value=
ac_cv_env_PKG_CONFIG_LIBDIR_set=
ac_cv_env_PKG_CONFIG_LIBDIR_value=
ac_cv_env_PKG_CONFIG_PATH_set=
ac_cv_env_PKG_CONFIG_PATH_value=
ac_cv_env_PKG_CONFIG_set=
ac_cv_env_PKG_CONFIG_value=
ac_cv_env_build_alias_set=
ac_cv_env_build_alias_value=
ac_cv_env_host_alias_set=
ac_cv_env_host_alias_value=
ac_cv_env_target_alias_set=
ac_cv_env_target_alias_value=
ac_cv_f77_compiler_gnu=no
ac_cv_func_funopen=no
ac_cv_func_g_mkdtemp=yes
ac_cv_func_getopt_long=yes
ac_cv_func_open_memstream=yes
ac_cv_header_dlfcn_h=yes
ac_cv_header_fenv_h=yes
ac_cv_header_getopt_h=yes
ac_cv_header_inttypes_h=yes
ac_cv_header_memory_h=yes
ac_cv_header_netcdf_h=yes
ac_cv_header_proj_api_h=yes
ac_cv_header_stdc=yes
ac_cv_header_stdint_h=yes
ac_cv_header_stdlib_h=yes
ac_cv_header_string_h=yes
ac_cv_header_strings_h=yes
ac_cv_header_sys_stat_h=yes
ac_cv_header_sys_types_h=yes
ac_cv_header_unistd_h=yes
ac_cv_host=x86_64-unknown-linux-gnu
ac_cv_lib_HYPRE_HYPRE_IJMatrixCreate=no
ac_cv_lib_lis_lis_initialize=no
ac_cv_lib_netcdf_nc_open=yes
ac_cv_lib_proj_pj_fwd=yes
ac_cv_objext=o
ac_cv_path_EGREP='/bin/grep -E'
ac_cv_path_FGREP='/bin/grep -F'
ac_cv_path_GREP=/bin/grep
ac_cv_path_GSL_CONFIG=/usr/bin/gsl-config
ac_cv_path_SED=/bin/sed
ac_cv_path_ac_pt_PKG_CONFIG=/usr/bin/pkg-config
ac_cv_path_install='/usr/bin/install -c'
ac_cv_path_mkdir=/bin/mkdir
ac_cv_prog_AWK=mawk
ac_cv_prog_CPP='mpicc -E'
ac_cv_prog_ac_ct_AR=ar
ac_cv_prog_ac_ct_CC=mpicc
ac_cv_prog_ac_ct_DLLTOOL=dlltool
ac_cv_prog_ac_ct_MANIFEST_TOOL=mt
ac_cv_prog_ac_ct_OBJDUMP=objdump
ac_cv_prog_ac_ct_RANLIB=ranlib
ac_cv_prog_ac_ct_STRIP=strip
ac_cv_prog_cc_c89=
ac_cv_prog_cc_g=yes
ac_cv_prog_f77_g=no
ac_cv_prog_have_m4=yes
ac_cv_prog_have_pkg_config=yes
ac_cv_prog_make_make_set=yes
ac_cv_prog_ode=yes
ac_cv_prog_use_mpicc=yes
ac_cv_search_strerror='none required'
am_cv_CC_dependencies_compiler_type=gcc3
am_cv_make_support_nested_variables=yes
am_cv_prog_cc_c_o=yes
lt_cv_ar_at_file=@
lt_cv_archive_cmds_need_lc=no
lt_cv_deplibs_check_method=pass_all
lt_cv_file_magic_cmd='$MAGIC_CMD'
lt_cv_file_magic_test_file=
lt_cv_ld_reload_flag=-r
lt_cv_nm_interface='BSD nm'
lt_cv_objdir=.libs
lt_cv_path_LD=/usr/bin/ld
lt_cv_path_NM='/usr/bin/nm -B'
lt_cv_path_mainfest_tool=no
lt_cv_prog_compiler_c_o=yes
lt_cv_prog_compiler_pic='-fPIC -DPIC'
lt_cv_prog_compiler_pic_works=yes
lt_cv_prog_compiler_rtti_exceptions=no
lt_cv_prog_compiler_static_works=no
lt_cv_prog_gnu_ld=yes
lt_cv_sharedlib_from_linklib_cmd='printf %s\n'
lt_cv_shlibpath_overrides_runpath=no
lt_cv_sys_global_symbol_pipe='sed -n -e '\''s/^.*[	 ]\([ABCDGIRSTW][ABCDGIRSTW]*\)[	 ][	 ]*\([_A-Za-z][_A-Za-z0-9]*\)$/\1 \2 \2/p'\'' | sed '\''/ __gnu_lto/d'\'''
lt_cv_sys_global_symbol_to_c_name_address='sed -n -e '\''s/^: \([^ ]*\)[ ]*$/  {\"\1\", (void *) 0},/p'\'' -e '\''s/^[ABCDGIRSTW]* \([^ ]*\) \([^ ]*\)$/  {"\2", (void *) \&\2},/p'\'''
lt_cv_sys_global_symbol_to_c_name_address_lib_prefix='sed -n -e '\''s/^: \([^ ]*\)[ ]*$/  {\"\1\", (void *) 0},/p'\'' -e '\''s/^[ABCDGIRSTW]* \([^ ]*\) \(lib[^ ]*\)$/  {"\2", (void *) \&\2},/p'\'' -e '\''s/^[ABCDGIRSTW]* \([^ ]*\) \([^ ]*\)$/  {"lib\2", (void *) \&\2},/p'\'''
lt_cv_sys_global_symbol_to_cdecl='sed -n -e '\''s/^T .* \(.*\)$/extern int \1();/p'\'' -e '\''s/^[ABCDGIRSTW]* .* \(.*\)$/extern char \1;/p'\'''
lt_cv_sys_max_cmd_len=1572864
lt_cv_to_host_file_cmd=func_convert_file_noop
lt_cv_to_tool_file_cmd=func_convert_file_noop
pkg_cv_FFTW3_CFLAGS=' '
pkg_cv_FFTW3_LIBS='-lfftw3  '
pkg_cv_GTS_CFLAGS='-pthread -I/usr/local/include -I/usr/include/glib-2.0 -I/usr/lib/x86_64-linux-gnu/glib-2.0/include  '
pkg_cv_GTS_LIBS='-pthread -Wl,--export-dynamic -L/usr/local/lib -lgts -lm -lgthread-2.0 -lgmodule-2.0 -lglib-2.0  '

## ----------------- ##
## Output variables. ##
## ----------------- ##

ACLOCAL='${SHELL} /home/pablo/gerris/gerris-stable/missing aclocal-1.14'
AMDEPBACKSLASH='\'
AMDEP_FALSE='#'
AMDEP_TRUE=''
AMTAR='$${TAR-tar}'
AM_BACKSLASH='\'
AM_DEFAULT_V='$(AM_DEFAULT_VERBOSITY)'
AM_DEFAULT_VERBOSITY='1'
AM_V='$(V)'
AR='ar'
AS='as'
AUTOCONF='${SHELL} /home/pablo/gerris/gerris-stable/missing autoconf'
AUTOHEADER='${SHELL} /home/pablo/gerris/gerris-stable/missing autoheader'
AUTOMAKE='${SHELL} /home/pablo/gerris/gerris-stable/missing automake-1.14'
AWK='mawk'
BUILD_AGMG_FALSE=''
BUILD_AGMG_TRUE='#'
BUILD_HYPRE_FALSE=''
BUILD_HYPRE_TRUE='#'
BUILD_LIS_FALSE=''
BUILD_LIS_TRUE='#'
BUILD_ODE_FALSE='#'
BUILD_ODE_TRUE=''
BUILD_STOKES_FALSE=''
BUILD_STOKES_TRUE='#'
BUILD_TIDE_FALSE='#'
BUILD_TIDE_TRUE=''
BUILD_WAVEWATCH_FALSE=''
BUILD_WAVEWATCH_TRUE='#'
CC='mpicc'
CCDEPMODE='depmode=gcc3'
CFLAGS='-g -O2 -D_XOPEN_SOURCE=700 -D_BSD_SOURCE -D_GNU_SOURCE -Wall -Werror-implicit-function-declaration -Wmissing-prototypes -Wmissing-declarations -pipe -std=c99'
CPP='mpicc -E'
CPPFLAGS=''
CYGPATH_W='echo'
DARCS_CONTROLLED_FALSE='#'
DARCS_CONTROLLED_TRUE=''
DEFS='-DHAVE_CONFIG_H'
DEPDIR='.deps'
DLLTOOL='dlltool'
DSYMUTIL=''
DUMPBIN=''
ECHO_C=''
ECHO_N='-n'
ECHO_T=''
EGREP='/bin/grep -E'
EXEEXT=''
F77=''
FC=''
FCFLAGS=''
FFLAGS=''
FFTW3_CFLAGS=' '
FFTW3_LIBS='-lfftw3  '
FGREP='/bin/grep -F'
FLIBS=''
GFS2D_LIBS='$(top_builddir)/src/libgfs2D.la -pthread -Wl,--export-dynamic -L/usr/local/lib -lgts -lm -lgthread-2.0 -lgmodule-2.0 -lglib-2.0  '
GFS3D_LIBS='$(top_builddir)/src/libgfs3D.la -pthread -Wl,--export-dynamic -L/usr/local/lib -lgts -lm -lgthread-2.0 -lgmodule-2.0 -lglib-2.0  '
GFS_COMPILATION_FLAGS=''
GFS_MAJOR_VERSION='1'
GFS_MICRO_VERSION='2'
GFS_MINOR_VERSION='3'
GFS_VERSION='1.3.2'
GREP='/bin/grep'
GSL_CFLAGS='-I/usr/include'
GSL_CONFIG='/usr/bin/gsl-config'
GSL_LIBS='-L/usr/lib -lgsl -lgslcblas -lm'
GTS_CFLAGS='-pthread -I/usr/local/include -I/usr/include/glib-2.0 -I/usr/lib/x86_64-linux-gnu/glib-2.0/include  '
GTS_LIBS='-pthread -Wl,--export-dynamic -L/usr/local/lib -lgts -lm -lgthread-2.0 -lgmodule-2.0 -lglib-2.0  '
HAS_FFTW3_FALSE='#'
HAS_FFTW3_TRUE=''
HAS_GSL_FALSE='#'
HAS_GSL_TRUE=''
HAS_LIBPROJ_FALSE='#'
HAS_LIBPROJ_TRUE=''
HAS_NETCDF_FALSE='#'
HAS_NETCDF_TRUE=''
INSTALL_DATA='${INSTALL} -m 644'
INSTALL_PROGRAM='${INSTALL}'
INSTALL_SCRIPT='${INSTALL}'
INSTALL_STRIP_PROGRAM='$(install_sh) -c -s'
LD='/usr/bin/ld -m elf_x86_64'
LDFLAGS=''
LIBOBJS=''
LIBS=''
LIBTOOL='$(SHELL) $(top_builddir)/libtool --silent'
LIPO=''
LN_S='ln -s'
LTLIBOBJS=''
LT_AGE='0'
LT_CURRENT='2'
LT_RELEASE='1.3'
LT_REVISION='0'
MAINT='#'
MAINTAINER_MODE_FALSE=''
MAINTAINER_MODE_TRUE='#'
MAKEINFO='${SHELL} /home/pablo/gerris/gerris-stable/missing makeinfo'
MANIFEST_TOOL=':'
MKDIR_P='/bin/mkdir -p'
NM='/usr/bin/nm -B'
NMEDIT=''
NO_UNDEFINED='-no-undefined'
OBJDUMP='objdump'
OBJEXT='o'
ODE_CFLAGS='-I/usr/include -DdDOUBLE'
ODE_LIBS='-L/usr/lib -lode -lstdc++'
OPEN_MEMSTREAM_FALSE=''
OPEN_MEMSTREAM_TRUE='#'
OTOOL64=''
OTOOL=''
PACKAGE='gerris'
PACKAGE_BUGREPORT=''
PACKAGE_NAME=''
PACKAGE_STRING=''
PACKAGE_TARNAME=''
PACKAGE_URL=''
PACKAGE_VERSION=''
PATH_SEPARATOR=':'
PKG_CONFIG='/usr/bin/pkg-config'
PKG_CONFIG_LIBDIR=''
PKG_CONFIG_PATH=''
RANLIB='ranlib'
SED='/bin/sed'
SET_MAKE=''
SHELL='/bin/bash'
STRIP='strip'
VERSION='1.3.2'
W3INIT=''
WEBROOT='/var/www/site-gerris/gerris'
ac_ct_AR='ar'
ac_ct_CC='mpicc'
ac_ct_DUMPBIN=''
ac_ct_F77=''
ac_ct_FC=''
am__EXEEXT_FALSE=''
am__EXEEXT_TRUE='#'
am__fastdepCC_FALSE='#'
am__fastdepCC_TRUE=''
am__include='include'
am__isrc=''
am__leading_dot='.'
am__nodep='_no'
am__quote=''
am__tar='$${TAR-tar} chof - "$$tardir"'
am__untar='$${TAR-tar} xf -'
bindir='${exec_prefix}/bin'
build='x86_64-unknown-linux-gnu'
build_alias=''
build_cpu='x86_64'
build_os='linux-gnu'
build_vendor='unknown'
datadir='${datarootdir}'
datarootdir='${prefix}/share'
docdir='${datarootdir}/doc/${PACKAGE}'
dvidir='${docdir}'
exec_prefix='${prefix}'
have_m4='yes'
have_pkg_config='yes'
host='x86_64-unknown-linux-gnu'
host_alias=''
host_cpu='x86_64'
host_os='linux-gnu'
host_vendor='unknown'
htmldir='${docdir}'
includedir='${prefix}/include'
infodir='${datarootdir}/info'
install_sh='${SHELL} /home/pablo/gerris/gerris-stable/install-sh'
libdir='${exec_prefix}/lib'
libexecdir='${exec_prefix}/libexec'
localedir='${datarootdir}/locale'
localstatedir='${prefix}/var'
mandir='${datarootdir}/man'
mkdir_p='$(MKDIR_P)'
ode='yes'
oldincludedir='/usr/include'
pdfdir='${docdir}'
prefix='/usr/local'
program_transform_name='s,x,x,'
psdir='${docdir}'
sbindir='${exec_prefix}/sbin'
sharedstatedir='${prefix}/com'
sysconfdir='${prefix}/etc'
target_alias=''
use_mpicc='yes'

## ----------- ##
## confdefs.h. ##
## ----------- ##

/* confdefs.h */
#define PACKAGE_NAME ""
#define PACKAGE_TARNAME ""
#define PACKAGE_VERSION ""
#define PACKAGE_STRING ""
#define PACKAGE_BUGREPORT ""
#define PACKAGE_URL ""
#define GFS_MAJOR_VERSION 1
#define GFS_MINOR_VERSION 3
#define GFS_MICRO_VERSION 2
#define GFS_INTERFACE_AGE 0
#define GFS_BINARY_AGE 0
#define GFS_VERSION "1.3.2"
#define GFS_COMPILATION_FLAGS ""
#define HAVE_MPI 1
#define STDC_HEADERS 1
#define HAVE_SYS_TYPES_H 1
#define HAVE_SYS_STAT_H 1
#define HAVE_STDLIB_H 1
#define HAVE_STRING_H 1
#define HAVE_MEMORY_H 1
#define HAVE_STRINGS_H 1
#define HAVE_INTTYPES_H 1
#define HAVE_STDINT_H 1
#define HAVE_UNISTD_H 1
#define HAVE_DLFCN_H 1
#define LT_OBJDIR ".libs/"
#define STDC_HEADERS 1
#define HAVE_PKG_CONFIG 1
#define HAVE_M4 1
#define M4_OPTIONS "-P"
#define HAVE_PROJ_API_H 1
#define HAVE_NETCDF_H 1
#define HAVE_FENV_H 1
#define HAVE_FENV_H 1
#define HAVE_UNISTD_H 1
#define HAVE_UNISTD_H 1
#define HAVE_GETOPT_H 1
#define HAVE_GETOPT_H 1
#define HAVE_GETOPT_LONG 1
#define HAVE_G_MKDTEMP 1
#define HAVE_OPEN_MEMSTREAM 1

configure: exit 0
